JUnit version 4.13.2
..E
Time: 0.022
There was 1 failure:
1) alwaysFail(TestListExamples)
java.lang.AssertionError: this
	at org.junit.Assert.fail(Assert.java:89)
	at org.junit.Assert.assertTrue(Assert.java:42)
	at TestListExamples.alwaysFail(TestListExamples.java:24)

FAILURES!!!
Tests run: 2,  Failures: 1

